<?xml version="1.0" encoding="UTF-8"?>
<!-- Generated by org.testng.reporters.JUnitReportReporter -->
<testsuite skipped="0" hostname="21ad908960b1" name="com.searchmodule.tests.SearchTest" tests="4" failures="0" timestamp="27 Aug 2020 16:51:54 GMT" time="41.979" errors="0">
  <testcase name="search" time="9.952" classname="com.searchmodule.tests.SearchTest"/>
  <testcase name="search" time="10.331" classname="com.searchmodule.tests.SearchTest"/>
  <testcase name="search" time="10.722" classname="com.searchmodule.tests.SearchTest"/>
  <testcase name="search" time="10.974" classname="com.searchmodule.tests.SearchTest"/>
</testsuite> <!-- com.searchmodule.tests.SearchTest -->
