<?xml version="1.0" encoding="UTF-8"?>
<!-- Generated by org.testng.reporters.JUnitReportReporter -->
<testsuite skipped="0" hostname="INW1PF0YDWNS" name="com.searchmodule.tests.SearchTest" tests="4" failures="0" timestamp="11 Aug 2020 14:55:31 GMT" time="45.475" errors="0">
  <testcase name="search" time="12.946" classname="com.searchmodule.tests.SearchTest"/>
  <testcase name="search" time="13.038" classname="com.searchmodule.tests.SearchTest"/>
  <testcase name="search" time="9.733" classname="com.searchmodule.tests.SearchTest"/>
  <testcase name="search" time="9.758" classname="com.searchmodule.tests.SearchTest"/>
</testsuite> <!-- com.searchmodule.tests.SearchTest -->
